[ 2521348ms] [ERROR] Failed to load resource: the server responded with a status of 504 () @ https://etaseneu.ditpps.com/api/storage/status:0
[ 2521349ms] [ERROR] Failed to load resource: the server responded with a status of 504 () @ https://etaseneu.ditpps.com/api/hotspots?start_at=2026-06-01T17%3A00%3A00.000Z&end_at=2026-06-02T17%3A00%3A00.000Z&start_date=2026-06-01&end_date=2026-06-02&satellites=MODIS&satellites=VIIRS_SNPP&satellites=VIIRS_NOAA20&satellites=VIIRS_NOAA21&active_layers=PS_FEB_26&view=map:0
[ 2521350ms] [ERROR] Failed to load resource: the server responded with a status of 504 () @ https://etaseneu.ditpps.com/api/cache/history/status?start_at=2026-06-01T17%3A00%3A00.000Z&end_at=2026-06-02T17%3A00%3A00.000Z&start_date=2026-06-01&end_date=2026-06-02&satellites=MODIS&satellites=VIIRS_SNPP&satellites=VIIRS_NOAA20&satellites=VIIRS_NOAA21&active_layers=PS_FEB_26&year=2026:0
[ 2527154ms] [ERROR] Failed to load resource: the server responded with a status of 504 () @ https://etaseneu.ditpps.com/api/scheduler/metrics:0
[ 3180892ms] [ERROR] Failed to load resource: the server responded with a status of 504 () @ https://etaseneu.ditpps.com/api/storage/status:0
[ 3180920ms] [ERROR] Failed to load resource: the server responded with a status of 504 () @ https://etaseneu.ditpps.com/api/hotspots?start_at=2026-06-01T17%3A00%3A00.000Z&end_at=2026-06-02T17%3A00%3A00.000Z&start_date=2026-06-01&end_date=2026-06-02&satellites=MODIS&satellites=VIIRS_SNPP&satellites=VIIRS_NOAA20&satellites=VIIRS_NOAA21&active_layers=PS_FEB_26&view=map:0
[ 3180922ms] [ERROR] Failed to load resource: the server responded with a status of 504 () @ https://etaseneu.ditpps.com/api/cache/history/status?start_at=2026-06-01T17%3A00%3A00.000Z&end_at=2026-06-02T17%3A00%3A00.000Z&start_date=2026-06-01&end_date=2026-06-02&satellites=MODIS&satellites=VIIRS_SNPP&satellites=VIIRS_NOAA20&satellites=VIIRS_NOAA21&active_layers=PS_FEB_26&year=2026:0
[ 3187150ms] [ERROR] Failed to load resource: the server responded with a status of 504 () @ https://etaseneu.ditpps.com/api/scheduler/metrics:0
[ 3900901ms] [ERROR] Failed to load resource: the server responded with a status of 504 () @ https://etaseneu.ditpps.com/api/hotspots?start_at=2026-06-01T17%3A00%3A00.000Z&end_at=2026-06-02T17%3A00%3A00.000Z&start_date=2026-06-01&end_date=2026-06-02&satellites=MODIS&satellites=VIIRS_SNPP&satellites=VIIRS_NOAA20&satellites=VIIRS_NOAA21&active_layers=PS_FEB_26&view=map:0
[ 3900901ms] [ERROR] Failed to load resource: the server responded with a status of 504 () @ https://etaseneu.ditpps.com/api/storage/status:0
[ 3900902ms] [ERROR] Failed to load resource: the server responded with a status of 504 () @ https://etaseneu.ditpps.com/api/cache/history/status?start_at=2026-06-01T17%3A00%3A00.000Z&end_at=2026-06-02T17%3A00%3A00.000Z&start_date=2026-06-01&end_date=2026-06-02&satellites=MODIS&satellites=VIIRS_SNPP&satellites=VIIRS_NOAA20&satellites=VIIRS_NOAA21&active_layers=PS_FEB_26&year=2026:0
[ 3907160ms] [ERROR] Failed to load resource: the server responded with a status of 504 () @ https://etaseneu.ditpps.com/api/scheduler/metrics:0
[ 4327754ms] [ERROR] Failed to load resource: the server responded with a status of 504 () @ https://etaseneu.ditpps.com/api/scheduler/metrics:0
[ 5040909ms] [ERROR] Failed to load resource: the server responded with a status of 504 () @ https://etaseneu.ditpps.com/api/storage/status:0
[ 5040939ms] [ERROR] Failed to load resource: the server responded with a status of 504 () @ https://etaseneu.ditpps.com/api/cache/history/status?start_at=2026-06-01T17%3A00%3A00.000Z&end_at=2026-06-02T17%3A00%3A00.000Z&start_date=2026-06-01&end_date=2026-06-02&satellites=MODIS&satellites=VIIRS_SNPP&satellites=VIIRS_NOAA20&satellites=VIIRS_NOAA21&active_layers=PS_FEB_26&year=2026:0
[ 5040942ms] [ERROR] Failed to load resource: the server responded with a status of 504 () @ https://etaseneu.ditpps.com/api/hotspots?start_at=2026-06-01T17%3A00%3A00.000Z&end_at=2026-06-02T17%3A00%3A00.000Z&start_date=2026-06-01&end_date=2026-06-02&satellites=MODIS&satellites=VIIRS_SNPP&satellites=VIIRS_NOAA20&satellites=VIIRS_NOAA21&active_layers=PS_FEB_26&view=map:0
[ 5047177ms] [ERROR] Failed to load resource: the server responded with a status of 504 () @ https://etaseneu.ditpps.com/api/scheduler/metrics:0
[ 5101042ms] [ERROR] Failed to load resource: the server responded with a status of 504 () @ https://etaseneu.ditpps.com/api/storage/status:0
[ 5101056ms] [ERROR] Failed to load resource: the server responded with a status of 504 () @ https://etaseneu.ditpps.com/api/cache/history/status?start_at=2026-06-01T17%3A00%3A00.000Z&end_at=2026-06-02T17%3A00%3A00.000Z&start_date=2026-06-01&end_date=2026-06-02&satellites=MODIS&satellites=VIIRS_SNPP&satellites=VIIRS_NOAA20&satellites=VIIRS_NOAA21&active_layers=PS_FEB_26&year=2026:0
[ 5101063ms] [ERROR] Failed to load resource: the server responded with a status of 504 () @ https://etaseneu.ditpps.com/api/hotspots?start_at=2026-06-01T17%3A00%3A00.000Z&end_at=2026-06-02T17%3A00%3A00.000Z&start_date=2026-06-01&end_date=2026-06-02&satellites=MODIS&satellites=VIIRS_SNPP&satellites=VIIRS_NOAA20&satellites=VIIRS_NOAA21&active_layers=PS_FEB_26&view=map:0
[ 7501150ms] [ERROR] Failed to load resource: the server responded with a status of 504 () @ https://etaseneu.ditpps.com/api/storage/status:0
[ 7501152ms] [ERROR] Failed to load resource: the server responded with a status of 504 () @ https://etaseneu.ditpps.com/api/cache/history/status?start_at=2026-06-01T17%3A00%3A00.000Z&end_at=2026-06-02T17%3A00%3A00.000Z&start_date=2026-06-01&end_date=2026-06-02&satellites=MODIS&satellites=VIIRS_SNPP&satellites=VIIRS_NOAA20&satellites=VIIRS_NOAA21&active_layers=PS_FEB_26&year=2026:0
[ 7501155ms] [ERROR] Failed to load resource: the server responded with a status of 504 () @ https://etaseneu.ditpps.com/api/hotspots?start_at=2026-06-01T17%3A00%3A00.000Z&end_at=2026-06-02T17%3A00%3A00.000Z&start_date=2026-06-01&end_date=2026-06-02&satellites=MODIS&satellites=VIIRS_SNPP&satellites=VIIRS_NOAA20&satellites=VIIRS_NOAA21&active_layers=PS_FEB_26&view=map:0
[ 7507154ms] [ERROR] Failed to load resource: the server responded with a status of 504 () @ https://etaseneu.ditpps.com/api/scheduler/metrics:0
[ 7801676ms] [ERROR] Failed to load resource: the server responded with a status of 504 () @ https://etaseneu.ditpps.com/api/storage/status:0
[ 7801709ms] [ERROR] Failed to load resource: the server responded with a status of 504 () @ https://etaseneu.ditpps.com/api/cache/history/status?start_at=2026-06-01T17%3A00%3A00.000Z&end_at=2026-06-02T17%3A00%3A00.000Z&start_date=2026-06-01&end_date=2026-06-02&satellites=MODIS&satellites=VIIRS_SNPP&satellites=VIIRS_NOAA20&satellites=VIIRS_NOAA21&active_layers=PS_FEB_26&year=2026:0
[ 7801720ms] [ERROR] Failed to load resource: the server responded with a status of 504 () @ https://etaseneu.ditpps.com/api/hotspots?start_at=2026-06-01T17%3A00%3A00.000Z&end_at=2026-06-02T17%3A00%3A00.000Z&start_date=2026-06-01&end_date=2026-06-02&satellites=MODIS&satellites=VIIRS_SNPP&satellites=VIIRS_NOAA20&satellites=VIIRS_NOAA21&active_layers=PS_FEB_26&view=map:0
[ 7807157ms] [ERROR] Failed to load resource: the server responded with a status of 504 () @ https://etaseneu.ditpps.com/api/scheduler/metrics:0
[18300838ms] [ERROR] Failed to load resource: the server responded with a status of 504 () @ https://etaseneu.ditpps.com/api/hotspots?start_at=2026-06-01T17%3A00%3A00.000Z&end_at=2026-06-02T17%3A00%3A00.000Z&start_date=2026-06-01&end_date=2026-06-02&satellites=MODIS&satellites=VIIRS_SNPP&satellites=VIIRS_NOAA20&satellites=VIIRS_NOAA21&active_layers=PS_FEB_26&view=map:0
[18300839ms] [ERROR] Failed to load resource: the server responded with a status of 504 () @ https://etaseneu.ditpps.com/api/storage/status:0
[18300839ms] [ERROR] Failed to load resource: the server responded with a status of 504 () @ https://etaseneu.ditpps.com/api/cache/history/status?start_at=2026-06-01T17%3A00%3A00.000Z&end_at=2026-06-02T17%3A00%3A00.000Z&start_date=2026-06-01&end_date=2026-06-02&satellites=MODIS&satellites=VIIRS_SNPP&satellites=VIIRS_NOAA20&satellites=VIIRS_NOAA21&active_layers=PS_FEB_26&year=2026:0
[352261887ms] [ERROR] Failed to load resource: the server responded with a status of 500 () @ https://etaseneu.ditpps.com/api/hotspots?start_at=2026-06-01T17%3A00%3A00.000Z&end_at=2026-06-02T17%3A00%3A00.000Z&start_date=2026-06-01&end_date=2026-06-02&satellites=MODIS&satellites=VIIRS_SNPP&satellites=VIIRS_NOAA20&satellites=VIIRS_NOAA21&active_layers=PS_FEB_26&view=map:0
[491491112ms] [ERROR] Failed to load resource: the server responded with a status of 502 () @ https://etaseneu.ditpps.com/api/hotspots?start_at=2026-06-01T17%3A00%3A00.000Z&end_at=2026-06-02T17%3A00%3A00.000Z&start_date=2026-06-01&end_date=2026-06-02&satellites=MODIS&satellites=VIIRS_SNPP&satellites=VIIRS_NOAA20&satellites=VIIRS_NOAA21&active_layers=PS_FEB_26&view=map:0
[491491185ms] [ERROR] Failed to load resource: the server responded with a status of 502 () @ https://etaseneu.ditpps.com/api/cache/history/status?start_at=2026-06-01T17%3A00%3A00.000Z&end_at=2026-06-02T17%3A00%3A00.000Z&start_date=2026-06-01&end_date=2026-06-02&satellites=MODIS&satellites=VIIRS_SNPP&satellites=VIIRS_NOAA20&satellites=VIIRS_NOAA21&active_layers=PS_FEB_26&year=2026:0
[491491185ms] [ERROR] Failed to load resource: the server responded with a status of 502 () @ https://etaseneu.ditpps.com/api/storage/status:0
[491491186ms] [ERROR] Failed to load resource: the server responded with a status of 502 () @ https://etaseneu.ditpps.com/api/scheduler/metrics:0
[567602601ms] [ERROR] Failed to load resource: net::ERR_NETWORK_CHANGED @ https://etaseneu.ditpps.com/api/hotspots?start_at=2026-06-01T17%3A00%3A00.000Z&end_at=2026-06-02T17%3A00%3A00.000Z&start_date=2026-06-01&end_date=2026-06-02&satellites=MODIS&satellites=VIIRS_SNPP&satellites=VIIRS_NOAA20&satellites=VIIRS_NOAA21&active_layers=PS_FEB_26&view=map:0
[567602605ms] [ERROR] Failed to load resource: net::ERR_NETWORK_CHANGED @ https://etaseneu.ditpps.com/api/cache/history/status?start_at=2026-06-01T17%3A00%3A00.000Z&end_at=2026-06-02T17%3A00%3A00.000Z&start_date=2026-06-01&end_date=2026-06-02&satellites=MODIS&satellites=VIIRS_SNPP&satellites=VIIRS_NOAA20&satellites=VIIRS_NOAA21&active_layers=PS_FEB_26&year=2026:0
[575761939ms] [ERROR] Failed to load resource: net::ERR_NETWORK_CHANGED @ https://etaseneu.ditpps.com/api/storage/status:0
[575761939ms] [ERROR] Failed to load resource: net::ERR_NETWORK_CHANGED @ https://etaseneu.ditpps.com/api/hotspots?start_at=2026-06-01T17%3A00%3A00.000Z&end_at=2026-06-02T17%3A00%3A00.000Z&start_date=2026-06-01&end_date=2026-06-02&satellites=MODIS&satellites=VIIRS_SNPP&satellites=VIIRS_NOAA20&satellites=VIIRS_NOAA21&active_layers=PS_FEB_26&view=map:0
[575761940ms] [ERROR] Failed to load resource: net::ERR_NETWORK_CHANGED @ https://etaseneu.ditpps.com/api/cache/history/status?start_at=2026-06-01T17%3A00%3A00.000Z&end_at=2026-06-02T17%3A00%3A00.000Z&start_date=2026-06-01&end_date=2026-06-02&satellites=MODIS&satellites=VIIRS_SNPP&satellites=VIIRS_NOAA20&satellites=VIIRS_NOAA21&active_layers=PS_FEB_26&year=2026:0
[638047344ms] [ERROR] Failed to load resource: the server responded with a status of 502 () @ https://etaseneu.ditpps.com/api/scheduler/metrics:0
