[  241248ms] [ERROR] Failed to load resource: the server responded with a status of 502 () @ https://etaseneu.ditpps.com/api/storage/status:0
[  241248ms] [ERROR] Failed to load resource: the server responded with a status of 502 () @ https://etaseneu.ditpps.com/api/cache/history/status?start_at=2026-06-01T17%3A00%3A00.000Z&end_at=2026-06-02T17%3A00%3A00.000Z&start_date=2026-06-01&end_date=2026-06-02&satellites=MODIS&satellites=VIIRS_SNPP&satellites=VIIRS_NOAA20&satellites=VIIRS_NOAA21&active_layers=PS_FEB_26&year=2026:0
[  241248ms] [ERROR] Failed to load resource: the server responded with a status of 502 () @ https://etaseneu.ditpps.com/api/hotspots?start_at=2026-06-01T17%3A00%3A00.000Z&end_at=2026-06-02T17%3A00%3A00.000Z&start_date=2026-06-01&end_date=2026-06-02&satellites=MODIS&satellites=VIIRS_SNPP&satellites=VIIRS_NOAA20&satellites=VIIRS_NOAA21&active_layers=PS_FEB_26&view=map:0
[  253117ms] [ERROR] Failed to load resource: the server responded with a status of 502 () @ https://etaseneu.ditpps.com/api/scheduler/metrics:0
[  301184ms] [ERROR] Failed to load resource: the server responded with a status of 502 () @ https://etaseneu.ditpps.com/api/storage/status:0
[  301185ms] [ERROR] Failed to load resource: the server responded with a status of 502 () @ https://etaseneu.ditpps.com/api/hotspots?start_at=2026-06-01T17%3A00%3A00.000Z&end_at=2026-06-02T17%3A00%3A00.000Z&start_date=2026-06-01&end_date=2026-06-02&satellites=MODIS&satellites=VIIRS_SNPP&satellites=VIIRS_NOAA20&satellites=VIIRS_NOAA21&active_layers=PS_FEB_26&view=map:0
[  301203ms] [ERROR] Failed to load resource: the server responded with a status of 502 () @ https://etaseneu.ditpps.com/api/cache/history/status?start_at=2026-06-01T17%3A00%3A00.000Z&end_at=2026-06-02T17%3A00%3A00.000Z&start_date=2026-06-01&end_date=2026-06-02&satellites=MODIS&satellites=VIIRS_SNPP&satellites=VIIRS_NOAA20&satellites=VIIRS_NOAA21&active_layers=PS_FEB_26&year=2026:0
[  541287ms] [ERROR] Failed to load resource: the server responded with a status of 504 () @ https://etaseneu.ditpps.com/api/cache/history/status?start_at=2026-06-01T17%3A00%3A00.000Z&end_at=2026-06-02T17%3A00%3A00.000Z&start_date=2026-06-01&end_date=2026-06-02&satellites=MODIS&satellites=VIIRS_SNPP&satellites=VIIRS_NOAA20&satellites=VIIRS_NOAA21&active_layers=PS_FEB_26&year=2026:0
[  541288ms] [ERROR] Failed to load resource: the server responded with a status of 504 () @ https://etaseneu.ditpps.com/api/storage/status:0
[  541288ms] [ERROR] Failed to load resource: the server responded with a status of 504 () @ https://etaseneu.ditpps.com/api/hotspots?start_at=2026-06-01T17%3A00%3A00.000Z&end_at=2026-06-02T17%3A00%3A00.000Z&start_date=2026-06-01&end_date=2026-06-02&satellites=MODIS&satellites=VIIRS_SNPP&satellites=VIIRS_NOAA20&satellites=VIIRS_NOAA21&active_layers=PS_FEB_26&view=map:0
[ 3143171ms] [ERROR] Failed to load resource: the server responded with a status of 504 () @ https://etaseneu.ditpps.com/api/storage/status:0
[ 3143179ms] [ERROR] Failed to load resource: the server responded with a status of 504 () @ https://etaseneu.ditpps.com/api/cache/history/status?start_at=2026-06-01T17%3A00%3A00.000Z&end_at=2026-06-02T17%3A00%3A00.000Z&start_date=2026-06-01&end_date=2026-06-02&satellites=MODIS&satellites=VIIRS_SNPP&satellites=VIIRS_NOAA20&satellites=VIIRS_NOAA21&active_layers=PS_FEB_26&year=2026:0
[ 3143187ms] [ERROR] Failed to load resource: the server responded with a status of 504 () @ https://etaseneu.ditpps.com/api/hotspots?start_at=2026-06-01T17%3A00%3A00.000Z&end_at=2026-06-02T17%3A00%3A00.000Z&start_date=2026-06-01&end_date=2026-06-02&satellites=MODIS&satellites=VIIRS_SNPP&satellites=VIIRS_NOAA20&satellites=VIIRS_NOAA21&active_layers=PS_FEB_26&view=map:0
[ 3154978ms] [ERROR] Failed to load resource: the server responded with a status of 504 () @ https://etaseneu.ditpps.com/api/scheduler/metrics:0
[ 3863383ms] [ERROR] Failed to load resource: the server responded with a status of 504 () @ https://etaseneu.ditpps.com/api/hotspots?start_at=2026-06-01T17%3A00%3A00.000Z&end_at=2026-06-02T17%3A00%3A00.000Z&start_date=2026-06-01&end_date=2026-06-02&satellites=MODIS&satellites=VIIRS_SNPP&satellites=VIIRS_NOAA20&satellites=VIIRS_NOAA21&active_layers=PS_FEB_26&view=map:0
[ 3863384ms] [ERROR] Failed to load resource: the server responded with a status of 504 () @ https://etaseneu.ditpps.com/api/storage/status:0
[ 3863385ms] [ERROR] Failed to load resource: the server responded with a status of 504 () @ https://etaseneu.ditpps.com/api/cache/history/status?start_at=2026-06-01T17%3A00%3A00.000Z&end_at=2026-06-02T17%3A00%3A00.000Z&start_date=2026-06-01&end_date=2026-06-02&satellites=MODIS&satellites=VIIRS_SNPP&satellites=VIIRS_NOAA20&satellites=VIIRS_NOAA21&active_layers=PS_FEB_26&year=2026:0
[ 3874901ms] [ERROR] Failed to load resource: the server responded with a status of 504 () @ https://etaseneu.ditpps.com/api/scheduler/metrics:0
[ 4523121ms] [ERROR] Failed to load resource: the server responded with a status of 504 () @ https://etaseneu.ditpps.com/api/storage/status:0
[ 4523131ms] [ERROR] Failed to load resource: the server responded with a status of 504 () @ https://etaseneu.ditpps.com/api/hotspots?start_at=2026-06-01T17%3A00%3A00.000Z&end_at=2026-06-02T17%3A00%3A00.000Z&start_date=2026-06-01&end_date=2026-06-02&satellites=MODIS&satellites=VIIRS_SNPP&satellites=VIIRS_NOAA20&satellites=VIIRS_NOAA21&active_layers=PS_FEB_26&view=map:0
[ 4523161ms] [ERROR] Failed to load resource: the server responded with a status of 504 () @ https://etaseneu.ditpps.com/api/cache/history/status?start_at=2026-06-01T17%3A00%3A00.000Z&end_at=2026-06-02T17%3A00%3A00.000Z&start_date=2026-06-01&end_date=2026-06-02&satellites=MODIS&satellites=VIIRS_SNPP&satellites=VIIRS_NOAA20&satellites=VIIRS_NOAA21&active_layers=PS_FEB_26&year=2026:0
[ 4534911ms] [ERROR] Failed to load resource: the server responded with a status of 504 () @ https://etaseneu.ditpps.com/api/scheduler/metrics:0
[ 4583212ms] [ERROR] Failed to load resource: the server responded with a status of 504 () @ https://etaseneu.ditpps.com/api/hotspots?start_at=2026-06-01T17%3A00%3A00.000Z&end_at=2026-06-02T17%3A00%3A00.000Z&start_date=2026-06-01&end_date=2026-06-02&satellites=MODIS&satellites=VIIRS_SNPP&satellites=VIIRS_NOAA20&satellites=VIIRS_NOAA21&active_layers=PS_FEB_26&view=map:0
[ 4583240ms] [ERROR] Failed to load resource: the server responded with a status of 504 () @ https://etaseneu.ditpps.com/api/cache/history/status?start_at=2026-06-01T17%3A00%3A00.000Z&end_at=2026-06-02T17%3A00%3A00.000Z&start_date=2026-06-01&end_date=2026-06-02&satellites=MODIS&satellites=VIIRS_SNPP&satellites=VIIRS_NOAA20&satellites=VIIRS_NOAA21&active_layers=PS_FEB_26&year=2026:0
[ 4583243ms] [ERROR] Failed to load resource: the server responded with a status of 504 () @ https://etaseneu.ditpps.com/api/storage/status:0
[ 4594972ms] [ERROR] Failed to load resource: the server responded with a status of 504 () @ https://etaseneu.ditpps.com/api/scheduler/metrics:0
[ 5003118ms] [ERROR] Failed to load resource: the server responded with a status of 504 () @ https://etaseneu.ditpps.com/api/cache/history/status?start_at=2026-06-01T17%3A00%3A00.000Z&end_at=2026-06-02T17%3A00%3A00.000Z&start_date=2026-06-01&end_date=2026-06-02&satellites=MODIS&satellites=VIIRS_SNPP&satellites=VIIRS_NOAA20&satellites=VIIRS_NOAA21&active_layers=PS_FEB_26&year=2026:0
[ 5003119ms] [ERROR] Failed to load resource: the server responded with a status of 504 () @ https://etaseneu.ditpps.com/api/hotspots?start_at=2026-06-01T17%3A00%3A00.000Z&end_at=2026-06-02T17%3A00%3A00.000Z&start_date=2026-06-01&end_date=2026-06-02&satellites=MODIS&satellites=VIIRS_SNPP&satellites=VIIRS_NOAA20&satellites=VIIRS_NOAA21&active_layers=PS_FEB_26&view=map:0
[ 5003120ms] [ERROR] Failed to load resource: the server responded with a status of 504 () @ https://etaseneu.ditpps.com/api/storage/status:0
[ 5014922ms] [ERROR] Failed to load resource: the server responded with a status of 504 () @ https://etaseneu.ditpps.com/api/scheduler/metrics:0
[ 5674920ms] [ERROR] Failed to load resource: the server responded with a status of 504 () @ https://etaseneu.ditpps.com/api/scheduler/metrics:0
[ 5723050ms] [ERROR] Failed to load resource: the server responded with a status of 504 () @ https://etaseneu.ditpps.com/api/cache/history/status?start_at=2026-06-01T17%3A00%3A00.000Z&end_at=2026-06-02T17%3A00%3A00.000Z&start_date=2026-06-01&end_date=2026-06-02&satellites=MODIS&satellites=VIIRS_SNPP&satellites=VIIRS_NOAA20&satellites=VIIRS_NOAA21&active_layers=PS_FEB_26&year=2026:0
[ 5723050ms] [ERROR] Failed to load resource: the server responded with a status of 504 () @ https://etaseneu.ditpps.com/api/storage/status:0
[ 5723051ms] [ERROR] Failed to load resource: the server responded with a status of 504 () @ https://etaseneu.ditpps.com/api/hotspots?start_at=2026-06-01T17%3A00%3A00.000Z&end_at=2026-06-02T17%3A00%3A00.000Z&start_date=2026-06-01&end_date=2026-06-02&satellites=MODIS&satellites=VIIRS_SNPP&satellites=VIIRS_NOAA20&satellites=VIIRS_NOAA21&active_layers=PS_FEB_26&view=map:0
[ 5734981ms] [ERROR] Failed to load resource: the server responded with a status of 504 () @ https://etaseneu.ditpps.com/api/scheduler/metrics:0
[ 8134936ms] [ERROR] Failed to load resource: the server responded with a status of 504 () @ https://etaseneu.ditpps.com/api/scheduler/metrics:0
[ 8483046ms] [ERROR] Failed to load resource: the server responded with a status of 504 () @ https://etaseneu.ditpps.com/api/cache/history/status?start_at=2026-06-01T17%3A00%3A00.000Z&end_at=2026-06-02T17%3A00%3A00.000Z&start_date=2026-06-01&end_date=2026-06-02&satellites=MODIS&satellites=VIIRS_SNPP&satellites=VIIRS_NOAA20&satellites=VIIRS_NOAA21&active_layers=PS_FEB_26&year=2026:0
[ 8483092ms] [ERROR] Failed to load resource: the server responded with a status of 504 () @ https://etaseneu.ditpps.com/api/storage/status:0
[ 8483092ms] [ERROR] Failed to load resource: the server responded with a status of 504 () @ https://etaseneu.ditpps.com/api/hotspots?start_at=2026-06-01T17%3A00%3A00.000Z&end_at=2026-06-02T17%3A00%3A00.000Z&start_date=2026-06-01&end_date=2026-06-02&satellites=MODIS&satellites=VIIRS_SNPP&satellites=VIIRS_NOAA20&satellites=VIIRS_NOAA21&active_layers=PS_FEB_26&view=map:0
[18934910ms] [ERROR] Failed to load resource: the server responded with a status of 504 () @ https://etaseneu.ditpps.com/api/scheduler/metrics:0
[63743171ms] [ERROR] Failed to load resource: the server responded with a status of 502 () @ https://etaseneu.ditpps.com/api/hotspots?start_at=2026-06-01T17%3A00%3A00.000Z&end_at=2026-06-02T17%3A00%3A00.000Z&start_date=2026-06-01&end_date=2026-06-02&satellites=MODIS&satellites=VIIRS_SNPP&satellites=VIIRS_NOAA20&satellites=VIIRS_NOAA21&active_layers=PS_FEB_26&view=map:0
[63743172ms] [ERROR] Failed to load resource: the server responded with a status of 502 () @ https://etaseneu.ditpps.com/api/cache/history/status?start_at=2026-06-01T17%3A00%3A00.000Z&end_at=2026-06-02T17%3A00%3A00.000Z&start_date=2026-06-01&end_date=2026-06-02&satellites=MODIS&satellites=VIIRS_SNPP&satellites=VIIRS_NOAA20&satellites=VIIRS_NOAA21&active_layers=PS_FEB_26&year=2026:0
[149985037ms] [ERROR] Failed to load resource: the server responded with a status of 502 () @ https://etaseneu.ditpps.com/api/scheduler/metrics:0
[149985048ms] [ERROR] Failed to load resource: the server responded with a status of 502 () @ https://etaseneu.ditpps.com/api/hotspots?start_at=2026-06-01T17%3A00%3A00.000Z&end_at=2026-06-02T17%3A00%3A00.000Z&start_date=2026-06-01&end_date=2026-06-02&satellites=MODIS&satellites=VIIRS_SNPP&satellites=VIIRS_NOAA20&satellites=VIIRS_NOAA21&active_layers=PS_FEB_26&view=map:0
[149985049ms] [ERROR] Failed to load resource: the server responded with a status of 502 () @ https://etaseneu.ditpps.com/api/cache/history/status?start_at=2026-06-01T17%3A00%3A00.000Z&end_at=2026-06-02T17%3A00%3A00.000Z&start_date=2026-06-01&end_date=2026-06-02&satellites=MODIS&satellites=VIIRS_SNPP&satellites=VIIRS_NOAA20&satellites=VIIRS_NOAA21&active_layers=PS_FEB_26&year=2026:0
[149985050ms] [ERROR] Failed to load resource: the server responded with a status of 502 () @ https://etaseneu.ditpps.com/api/storage/status:0
[492146305ms] [ERROR] Failed to load resource: the server responded with a status of 502 () @ https://etaseneu.ditpps.com/api/hotspots?start_at=2026-06-01T17%3A00%3A00.000Z&end_at=2026-06-02T17%3A00%3A00.000Z&start_date=2026-06-01&end_date=2026-06-02&satellites=MODIS&satellites=VIIRS_SNPP&satellites=VIIRS_NOAA20&satellites=VIIRS_NOAA21&active_layers=PS_FEB_26&view=map:0
[492146399ms] [ERROR] Failed to load resource: the server responded with a status of 502 () @ https://etaseneu.ditpps.com/api/storage/status:0
[492146400ms] [ERROR] Failed to load resource: the server responded with a status of 502 () @ https://etaseneu.ditpps.com/api/cache/history/status?start_at=2026-06-01T17%3A00%3A00.000Z&end_at=2026-06-02T17%3A00%3A00.000Z&start_date=2026-06-01&end_date=2026-06-02&satellites=MODIS&satellites=VIIRS_SNPP&satellites=VIIRS_NOAA20&satellites=VIIRS_NOAA21&active_layers=PS_FEB_26&year=2026:0
[526714931ms] [ERROR] Failed to load resource: the server responded with a status of 500 () @ https://etaseneu.ditpps.com/api/scheduler/metrics:0
[556405297ms] [ERROR] Failed to load resource: the server responded with a status of 502 () @ https://etaseneu.ditpps.com/api/cache/history/status?start_at=2026-06-01T17%3A00%3A00.000Z&end_at=2026-06-02T17%3A00%3A00.000Z&start_date=2026-06-01&end_date=2026-06-02&satellites=MODIS&satellites=VIIRS_SNPP&satellites=VIIRS_NOAA20&satellites=VIIRS_NOAA21&active_layers=PS_FEB_26&year=2026:0
[556405378ms] [ERROR] Failed to load resource: the server responded with a status of 502 () @ https://etaseneu.ditpps.com/api/hotspots?start_at=2026-06-01T17%3A00%3A00.000Z&end_at=2026-06-02T17%3A00%3A00.000Z&start_date=2026-06-01&end_date=2026-06-02&satellites=MODIS&satellites=VIIRS_SNPP&satellites=VIIRS_NOAA20&satellites=VIIRS_NOAA21&active_layers=PS_FEB_26&view=map:0
[556405379ms] [ERROR] Failed to load resource: the server responded with a status of 502 () @ https://etaseneu.ditpps.com/api/storage/status:0
